<?xml version="1.0" encoding="UTF-8"?>
<testsuite xmlns:xsi="http://www.w3.org/2001/XMLSchema-instance" xsi:noNamespaceSchemaLocation="https://maven.apache.org/surefire/maven-surefire-plugin/xsd/surefire-test-report.xsd" name="com.proyecto.demo.AppTest" time="0.089" tests="15" errors="0" skipped="0" failures="0">
  <properties>
    <property name="awt.toolkit" value="sun.awt.X11.XToolkit"/>
    <property name="java.specification.version" value="11"/>
    <property name="sun.cpu.isalist" value=""/>
    <property name="sun.jnu.encoding" value="UTF-8"/>
    <property name="java.class.path" value="/home/maria/pruebaaa/kata-bolos/target/test-classes:/home/maria/pruebaaa/kata-bolos/target/classes:/home/maria/.m2/repository/junit/junit/4.11/junit-4.11.jar:/home/maria/.m2/repository/org/hamcrest/hamcrest-core/1.3/hamcrest-core-1.3.jar:"/>
    <property name="java.vm.vendor" value="Ubuntu"/>
    <property name="sun.arch.data.model" value="64"/>
    <property name="java.vendor.url" value="https://ubuntu.com/"/>
    <property name="user.timezone" value=""/>
    <property name="java.vm.specification.version" value="11"/>
    <property name="os.name" value="Linux"/>
    <property name="sun.java.launcher" value="SUN_STANDARD"/>
    <property name="sun.boot.library.path" value="/usr/lib/jvm/java-11-openjdk-amd64/lib"/>
    <property name="sun.java.command" value="/home/maria/pruebaaa/kata-bolos/target/surefire/surefirebooter3232912717358297954.jar /home/maria/pruebaaa/kata-bolos/target/surefire 2022-11-23T08-46-18_761-jvmRun1 surefire4731639828952599864tmp surefire_03027066638902852188tmp"/>
    <property name="jdk.debug" value="release"/>
    <property name="surefire.test.class.path" value="/home/maria/pruebaaa/kata-bolos/target/test-classes:/home/maria/pruebaaa/kata-bolos/target/classes:/home/maria/.m2/repository/junit/junit/4.11/junit-4.11.jar:/home/maria/.m2/repository/org/hamcrest/hamcrest-core/1.3/hamcrest-core-1.3.jar:"/>
    <property name="sun.cpu.endian" value="little"/>
    <property name="user.home" value="/home/maria"/>
    <property name="user.language" value="en"/>
    <property name="java.specification.vendor" value="Oracle Corporation"/>
    <property name="java.version.date" value="2022-10-18"/>
    <property name="java.home" value="/usr/lib/jvm/java-11-openjdk-amd64"/>
    <property name="file.separator" value="/"/>
    <property name="basedir" value="/home/maria/pruebaaa/kata-bolos"/>
    <property name="java.vm.compressedOopsMode" value="Zero based"/>
    <property name="line.separator" value="&#10;"/>
    <property name="java.specification.name" value="Java Platform API Specification"/>
    <property name="java.vm.specification.vendor" value="Oracle Corporation"/>
    <property name="java.awt.graphicsenv" value="sun.awt.X11GraphicsEnvironment"/>
    <property name="surefire.real.class.path" value="/home/maria/pruebaaa/kata-bolos/target/surefire/surefirebooter3232912717358297954.jar"/>
    <property name="sun.management.compiler" value="HotSpot 64-Bit Tiered Compilers"/>
    <property name="java.runtime.version" value="11.0.17+8-post-Ubuntu-1ubuntu220.04"/>
    <property name="user.name" value="maria"/>
    <property name="path.separator" value=":"/>
    <property name="os.version" value="4.4.0-19041-Microsoft"/>
    <property name="java.runtime.name" value="OpenJDK Runtime Environment"/>
    <property name="file.encoding" value="UTF-8"/>
    <property name="java.vm.name" value="OpenJDK 64-Bit Server VM"/>
    <property name="localRepository" value="/home/maria/.m2/repository"/>
    <property name="java.vendor.url.bug" value="https://bugs.launchpad.net/ubuntu/+source/openjdk-lts"/>
    <property name="java.io.tmpdir" value="/tmp"/>
    <property name="java.version" value="11.0.17"/>
    <property name="user.dir" value="/home/maria/pruebaaa/kata-bolos"/>
    <property name="os.arch" value="amd64"/>
    <property name="java.vm.specification.name" value="Java Virtual Machine Specification"/>
    <property name="java.awt.printerjob" value="sun.print.PSPrinterJob"/>
    <property name="sun.os.patch.level" value="unknown"/>
    <property name="java.library.path" value="/usr/java/packages/lib:/usr/lib/x86_64-linux-gnu/jni:/lib/x86_64-linux-gnu:/usr/lib/x86_64-linux-gnu:/usr/lib/jni:/lib:/usr/lib"/>
    <property name="java.vm.info" value="mixed mode, sharing"/>
    <property name="java.vendor" value="Ubuntu"/>
    <property name="java.vm.version" value="11.0.17+8-post-Ubuntu-1ubuntu220.04"/>
    <property name="sun.io.unicode.encoding" value="UnicodeLittle"/>
    <property name="java.class.version" value="55.0"/>
  </properties>
  <testcase name="bowlingScoreTest1" classname="com.proyecto.demo.AppTest" time="0.025"/>
  <testcase name="bowlingScoreTest2" classname="com.proyecto.demo.AppTest" time="0"/>
  <testcase name="bowlingScoreTest3" classname="com.proyecto.demo.AppTest" time="0"/>
  <testcase name="bowlingScoreTest4" classname="com.proyecto.demo.AppTest" time="0"/>
  <testcase name="bowlingScoreTest5" classname="com.proyecto.demo.AppTest" time="0"/>
  <testcase name="bowlingScoreTest6" classname="com.proyecto.demo.AppTest" time="0"/>
  <testcase name="bowlingScoreTest7" classname="com.proyecto.demo.AppTest" time="0.001"/>
  <testcase name="bowlingScoreTest8" classname="com.proyecto.demo.AppTest" time="0"/>
  <testcase name="bowlingScoreTest9" classname="com.proyecto.demo.AppTest" time="0"/>
  <testcase name="bowlingScoreTest10" classname="com.proyecto.demo.AppTest" time="0.001"/>
  <testcase name="bowlingScoreTest11" classname="com.proyecto.demo.AppTest" time="0"/>
  <testcase name="bowlingScoreTest12" classname="com.proyecto.demo.AppTest" time="0"/>
  <testcase name="bowlingScoreTest13" classname="com.proyecto.demo.AppTest" time="0"/>
  <testcase name="bowlingScoreTest14" classname="com.proyecto.demo.AppTest" time="0"/>
  <testcase name="bowlingScoreTest" classname="com.proyecto.demo.AppTest" time="0"/>
</testsuite>